<?xml version="1.0" encoding="UTF-8"?>
<!-- Generated by org.testng.reporters.JUnitReportReporter -->
<testsuite hostname="LAPTOP-F8CBBQFQ" failures="0" tests="3" name="autowebapp.RegistrationTest" time="216.808" errors="0" timestamp="2023-07-21T18:19:48 IST" skipped="0">
  <testcase classname="autowebapp.RegistrationTest" name="Register" time="62.538"/>
  <testcase classname="autowebapp.RegistrationTest" name="login" time="67.804"/>
  <testcase classname="autowebapp.RegistrationTest" name="searchandcart" time="86.466"/>
</testsuite> <!-- autowebapp.RegistrationTest -->
